This file contains any messages produced by compilers while
running configure, to aid debugging if configure makes a mistake.

It was created by tokyocabinet-java configure 1.23, which was
generated by GNU Autoconf 2.61.  Invocation command line was

  $ ./configure --prefix=/Users/lance/code/tokyocabinet/build/native

## --------- ##
## Platform. ##
## --------- ##

hostname = lance.geni.com
uname -m = i386
uname -r = 10.4.0
uname -s = Darwin
uname -v = Darwin Kernel Version 10.4.0: Fri Apr 23 18:28:53 PDT 2010; root:xnu-1504.7.4~1/RELEASE_I386

/usr/bin/uname -p = i386
/bin/uname -X     = unknown

/bin/arch              = unknown
/usr/bin/arch -k       = unknown
/usr/convex/getsysinfo = unknown
/usr/bin/hostinfo      = Mach kernel version:
	 Darwin Kernel Version 10.4.0: Fri Apr 23 18:28:53 PDT 2010; root:xnu-1504.7.4~1/RELEASE_I386
Kernel configured for up to 2 processors.
2 processors are physically available.
2 processors are logically available.
Processor type: i486 (Intel 80486)
Processors active: 0 1
Primary memory available: 4.00 gigabytes
Default processor set: 98 tasks, 468 threads, 2 processors
Load average: 0.95, Mach factor: 1.31
/bin/machine           = unknown
/usr/bin/oslevel       = unknown
/bin/universe          = unknown

PATH: /usr/local/bin
PATH: /opt/local/lib/postgresql83/bin
PATH: /opt/local/bin
PATH: /opt/local/sbin
PATH: /usr/bin
PATH: /bin
PATH: /usr/sbin
PATH: /sbin
PATH: /usr/local/bin
PATH: /usr/X11/bin
PATH: /bin


## ----------- ##
## Core tests. ##
## ----------- ##

configure:1869: checking for gcc
configure:1885: found /usr/bin/gcc
configure:1896: result: gcc
configure:2134: checking for C compiler version
configure:2141: gcc --version >&5
i686-apple-darwin10-gcc-4.2.1 (GCC) 4.2.1 (Apple Inc. build 5664)
Copyright (C) 2007 Free Software Foundation, Inc.
This is free software; see the source for copying conditions.  There is NO
warranty; not even for MERCHANTABILITY or FITNESS FOR A PARTICULAR PURPOSE.

configure:2144: $? = 0
configure:2151: gcc -v >&5
Using built-in specs.
Target: i686-apple-darwin10
Configured with: /var/tmp/gcc/gcc-5664~105/src/configure --disable-checking --enable-werror --prefix=/usr --mandir=/share/man --enable-languages=c,objc,c++,obj-c++ --program-transform-name=/^[cg][^.-]*$/s/$/-4.2/ --with-slibdir=/usr/lib --build=i686-apple-darwin10 --program-prefix=i686-apple-darwin10- --host=x86_64-apple-darwin10 --target=i686-apple-darwin10 --with-gxx-include-dir=/include/c++/4.2.1
Thread model: posix
gcc version 4.2.1 (Apple Inc. build 5664)
configure:2154: $? = 0
configure:2161: gcc -V >&5
gcc-4.2: argument to `-V' is missing
configure:2164: $? = 1
configure:2187: checking for C compiler default output file name
configure:2214: gcc -m32 -I/Users/lance/code/tokyocabinet/build/native/include -L/Users/lance/code/tokyocabinet/build/native/lib   conftest.c  >&5
configure:2217: $? = 0
configure:2255: result: a.out
configure:2272: checking whether the C compiler works
configure:2282: ./a.out
configure:2285: $? = 0
configure:2302: result: yes
configure:2309: checking whether we are cross compiling
configure:2311: result: no
configure:2314: checking for suffix of executables
configure:2321: gcc -o conftest -m32 -I/Users/lance/code/tokyocabinet/build/native/include -L/Users/lance/code/tokyocabinet/build/native/lib   conftest.c  >&5
configure:2324: $? = 0
configure:2348: result: 
configure:2354: checking for suffix of object files
configure:2380: gcc -c -m32 -I/Users/lance/code/tokyocabinet/build/native/include -L/Users/lance/code/tokyocabinet/build/native/lib  conftest.c >&5
configure:2383: $? = 0
configure:2406: result: o
configure:2410: checking whether we are using the GNU C compiler
configure:2439: gcc -c -m32 -I/Users/lance/code/tokyocabinet/build/native/include -L/Users/lance/code/tokyocabinet/build/native/lib  conftest.c >&5
configure:2445: $? = 0
configure:2462: result: yes
configure:2467: checking whether gcc accepts -g
configure:2497: gcc -c -g  conftest.c >&5
configure:2503: $? = 0
configure:2602: result: yes
configure:2619: checking for gcc option to accept ISO C89
configure:2693: gcc  -c -m32 -I/Users/lance/code/tokyocabinet/build/native/include -L/Users/lance/code/tokyocabinet/build/native/lib  conftest.c >&5
configure:2699: $? = 0
configure:2722: result: none needed
configure:2744: checking for main in -lc
configure:2773: gcc -o conftest -m32 -I/Users/lance/code/tokyocabinet/build/native/include -L/Users/lance/code/tokyocabinet/build/native/lib   conftest.c -lc   >&5
configure:2779: $? = 0
configure:2797: result: yes
configure:2809: checking for main in -lm
configure:2838: gcc -o conftest -m32 -I/Users/lance/code/tokyocabinet/build/native/include -L/Users/lance/code/tokyocabinet/build/native/lib   conftest.c -lm  -lc  >&5
configure:2844: $? = 0
configure:2862: result: yes
configure:2874: checking for main in -lpthread
configure:2903: gcc -o conftest -m32 -I/Users/lance/code/tokyocabinet/build/native/include -L/Users/lance/code/tokyocabinet/build/native/lib   conftest.c -lpthread  -lm -lc  >&5
configure:2909: $? = 0
configure:2927: result: yes
configure:2939: checking for main in -lz
configure:2968: gcc -o conftest -m32 -I/Users/lance/code/tokyocabinet/build/native/include -L/Users/lance/code/tokyocabinet/build/native/lib   conftest.c -lz  -lpthread -lm -lc  >&5
configure:2974: $? = 0
configure:2992: result: yes
configure:3004: checking for main in -lbz2
configure:3033: gcc -o conftest -m32 -I/Users/lance/code/tokyocabinet/build/native/include -L/Users/lance/code/tokyocabinet/build/native/lib   conftest.c -lbz2  -lz -lpthread -lm -lc  >&5
configure:3039: $? = 0
configure:3057: result: yes
configure:3069: checking for main in -ltokyocabinet
configure:3098: gcc -o conftest -m32 -I/Users/lance/code/tokyocabinet/build/native/include -L/Users/lance/code/tokyocabinet/build/native/lib   conftest.c -ltokyocabinet  -lbz2 -lz -lpthread -lm -lc  >&5
configure:3104: $? = 0
configure:3122: result: yes
configure:3140: checking how to run the C preprocessor
configure:3180: gcc -E  conftest.c
configure:3186: $? = 0
configure:3217: gcc -E  conftest.c
conftest.c:14:28: error: ac_nonexistent.h: No such file or directory
configure:3223: $? = 1
configure: failed program was:
| /* confdefs.h.  */
| #define PACKAGE_NAME "tokyocabinet-java"
| #define PACKAGE_TARNAME "tokyocabinet-java"
| #define PACKAGE_VERSION "1.23"
| #define PACKAGE_STRING "tokyocabinet-java 1.23"
| #define PACKAGE_BUGREPORT ""
| #define HAVE_LIBC 1
| #define HAVE_LIBM 1
| #define HAVE_LIBPTHREAD 1
| #define HAVE_LIBZ 1
| #define HAVE_LIBBZ2 1
| #define HAVE_LIBTOKYOCABINET 1
| /* end confdefs.h.  */
| #include <ac_nonexistent.h>
configure:3256: result: gcc -E
configure:3285: gcc -E  conftest.c
configure:3291: $? = 0
configure:3322: gcc -E  conftest.c
conftest.c:14:28: error: ac_nonexistent.h: No such file or directory
configure:3328: $? = 1
configure: failed program was:
| /* confdefs.h.  */
| #define PACKAGE_NAME "tokyocabinet-java"
| #define PACKAGE_TARNAME "tokyocabinet-java"
| #define PACKAGE_VERSION "1.23"
| #define PACKAGE_STRING "tokyocabinet-java 1.23"
| #define PACKAGE_BUGREPORT ""
| #define HAVE_LIBC 1
| #define HAVE_LIBM 1
| #define HAVE_LIBPTHREAD 1
| #define HAVE_LIBZ 1
| #define HAVE_LIBBZ2 1
| #define HAVE_LIBTOKYOCABINET 1
| /* end confdefs.h.  */
| #include <ac_nonexistent.h>
configure:3366: checking for grep that handles long lines and -e
configure:3440: result: /usr/bin/grep
configure:3445: checking for egrep
configure:3523: result: /usr/bin/grep -E
configure:3528: checking for ANSI C header files
configure:3558: gcc -c -m32 -I/Users/lance/code/tokyocabinet/build/native/include -L/Users/lance/code/tokyocabinet/build/native/lib  conftest.c >&5
configure:3564: $? = 0
configure:3663: gcc -o conftest -m32 -I/Users/lance/code/tokyocabinet/build/native/include -L/Users/lance/code/tokyocabinet/build/native/lib   conftest.c -ltokyocabinet -lbz2 -lz -lpthread -lm -lc  >&5
configure:3666: $? = 0
configure:3672: ./conftest
dyld: Library not loaded: @loader_path/libtokyocabinet.dylib
  Referenced from: /Users/lance/code/tokyocabinet/src/tokyocabinet-java-1.23/./conftest
  Reason: image not found
./configure: line 3673: 79449 Trace/BPT trap          ./conftest$ac_exeext
configure:3675: $? = 133
configure: program exited with status 133
configure: failed program was:
| /* confdefs.h.  */
| #define PACKAGE_NAME "tokyocabinet-java"
| #define PACKAGE_TARNAME "tokyocabinet-java"
| #define PACKAGE_VERSION "1.23"
| #define PACKAGE_STRING "tokyocabinet-java 1.23"
| #define PACKAGE_BUGREPORT ""
| #define HAVE_LIBC 1
| #define HAVE_LIBM 1
| #define HAVE_LIBPTHREAD 1
| #define HAVE_LIBZ 1
| #define HAVE_LIBBZ2 1
| #define HAVE_LIBTOKYOCABINET 1
| /* end confdefs.h.  */
| #include <ctype.h>
| #include <stdlib.h>
| #if ((' ' & 0x0FF) == 0x020)
| # define ISLOWER(c) ('a' <= (c) && (c) <= 'z')
| # define TOUPPER(c) (ISLOWER(c) ? 'A' + ((c) - 'a') : (c))
| #else
| # define ISLOWER(c) 		   (('a' <= (c) && (c) <= 'i') 		     || ('j' <= (c) && (c) <= 'r') 		     || ('s' <= (c) && (c) <= 'z'))
| # define TOUPPER(c) (ISLOWER(c) ? ((c) | 0x40) : (c))
| #endif
| 
| #define XOR(e, f) (((e) && !(f)) || (!(e) && (f)))
| int
| main ()
| {
|   int i;
|   for (i = 0; i < 256; i++)
|     if (XOR (islower (i), ISLOWER (i))
| 	|| toupper (i) != TOUPPER (i))
|       return 2;
|   return 0;
| }
configure:3692: result: no
configure:3716: checking for sys/types.h
configure:3737: gcc -c -m32 -I/Users/lance/code/tokyocabinet/build/native/include -L/Users/lance/code/tokyocabinet/build/native/lib  conftest.c >&5
configure:3743: $? = 0
configure:3759: result: yes
configure:3716: checking for sys/stat.h
configure:3737: gcc -c -m32 -I/Users/lance/code/tokyocabinet/build/native/include -L/Users/lance/code/tokyocabinet/build/native/lib  conftest.c >&5
configure:3743: $? = 0
configure:3759: result: yes
configure:3716: checking for stdlib.h
configure:3737: gcc -c -m32 -I/Users/lance/code/tokyocabinet/build/native/include -L/Users/lance/code/tokyocabinet/build/native/lib  conftest.c >&5
configure:3743: $? = 0
configure:3759: result: yes
configure:3716: checking for string.h
configure:3737: gcc -c -m32 -I/Users/lance/code/tokyocabinet/build/native/include -L/Users/lance/code/tokyocabinet/build/native/lib  conftest.c >&5
configure:3743: $? = 0
configure:3759: result: yes
configure:3716: checking for memory.h
configure:3737: gcc -c -m32 -I/Users/lance/code/tokyocabinet/build/native/include -L/Users/lance/code/tokyocabinet/build/native/lib  conftest.c >&5
configure:3743: $? = 0
configure:3759: result: yes
configure:3716: checking for strings.h
configure:3737: gcc -c -m32 -I/Users/lance/code/tokyocabinet/build/native/include -L/Users/lance/code/tokyocabinet/build/native/lib  conftest.c >&5
configure:3743: $? = 0
configure:3759: result: yes
configure:3716: checking for inttypes.h
configure:3737: gcc -c -m32 -I/Users/lance/code/tokyocabinet/build/native/include -L/Users/lance/code/tokyocabinet/build/native/lib  conftest.c >&5
configure:3743: $? = 0
configure:3759: result: yes
configure:3716: checking for stdint.h
configure:3737: gcc -c -m32 -I/Users/lance/code/tokyocabinet/build/native/include -L/Users/lance/code/tokyocabinet/build/native/lib  conftest.c >&5
configure:3743: $? = 0
configure:3759: result: yes
configure:3716: checking for unistd.h
configure:3737: gcc -c -m32 -I/Users/lance/code/tokyocabinet/build/native/include -L/Users/lance/code/tokyocabinet/build/native/lib  conftest.c >&5
configure:3743: $? = 0
configure:3759: result: yes
configure:3772: checking for stdlib.h
configure:3777: result: yes
configure:3906: checking for stdint.h
configure:3911: result: yes
configure:4049: checking tcutil.h usability
configure:4066: gcc -c -m32 -I/Users/lance/code/tokyocabinet/build/native/include -L/Users/lance/code/tokyocabinet/build/native/lib  conftest.c >&5
configure:4072: $? = 0
configure:4086: result: yes
configure:4090: checking tcutil.h presence
configure:4105: gcc -E  conftest.c
conftest.c:23:20: error: tcutil.h: No such file or directory
configure:4111: $? = 1
configure: failed program was:
| /* confdefs.h.  */
| #define PACKAGE_NAME "tokyocabinet-java"
| #define PACKAGE_TARNAME "tokyocabinet-java"
| #define PACKAGE_VERSION "1.23"
| #define PACKAGE_STRING "tokyocabinet-java 1.23"
| #define PACKAGE_BUGREPORT ""
| #define HAVE_LIBC 1
| #define HAVE_LIBM 1
| #define HAVE_LIBPTHREAD 1
| #define HAVE_LIBZ 1
| #define HAVE_LIBBZ2 1
| #define HAVE_LIBTOKYOCABINET 1
| #define HAVE_SYS_TYPES_H 1
| #define HAVE_SYS_STAT_H 1
| #define HAVE_STDLIB_H 1
| #define HAVE_STRING_H 1
| #define HAVE_MEMORY_H 1
| #define HAVE_STRINGS_H 1
| #define HAVE_INTTYPES_H 1
| #define HAVE_STDINT_H 1
| #define HAVE_UNISTD_H 1
| /* end confdefs.h.  */
| #include <tcutil.h>
configure:4125: result: no
configure:4131: WARNING: tcutil.h: accepted by the compiler, rejected by the preprocessor!
configure:4133: WARNING: tcutil.h: proceeding with the compiler's result
configure:4153: checking for tcutil.h
configure:4160: result: yes
configure:4183: checking jni.h usability
configure:4200: gcc -c -m32 -I/Users/lance/code/tokyocabinet/build/native/include -L/Users/lance/code/tokyocabinet/build/native/lib  conftest.c >&5
configure:4206: $? = 0
configure:4220: result: yes
configure:4224: checking jni.h presence
configure:4239: gcc -E  conftest.c
configure:4245: $? = 0
configure:4259: result: yes
configure:4287: checking for jni.h
configure:4294: result: yes
configure:4490: creating ./config.status

## ---------------------- ##
## Running config.status. ##
## ---------------------- ##

This file was extended by tokyocabinet-java config.status 1.23, which was
generated by GNU Autoconf 2.61.  Invocation command line was

  CONFIG_FILES    = 
  CONFIG_HEADERS  = 
  CONFIG_LINKS    = 
  CONFIG_COMMANDS = 
  $ ./config.status 

on lance.geni.com

config.status:592: creating Makefile

## ---------------- ##
## Cache variables. ##
## ---------------- ##

ac_cv_c_compiler_gnu=yes
ac_cv_env_CC_set=
ac_cv_env_CC_value=
ac_cv_env_CFLAGS_set=set
ac_cv_env_CFLAGS_value='-m32 -I/Users/lance/code/tokyocabinet/build/native/include -L/Users/lance/code/tokyocabinet/build/native/lib'
ac_cv_env_CPPFLAGS_set=
ac_cv_env_CPPFLAGS_value=
ac_cv_env_CPP_set=
ac_cv_env_CPP_value=
ac_cv_env_LDFLAGS_set=
ac_cv_env_LDFLAGS_value=
ac_cv_env_LIBS_set=
ac_cv_env_LIBS_value=
ac_cv_env_build_alias_set=
ac_cv_env_build_alias_value=
ac_cv_env_host_alias_set=
ac_cv_env_host_alias_value=
ac_cv_env_target_alias_set=
ac_cv_env_target_alias_value=
ac_cv_header_inttypes_h=yes
ac_cv_header_jni_h=yes
ac_cv_header_memory_h=yes
ac_cv_header_stdc=no
ac_cv_header_stdint_h=yes
ac_cv_header_stdlib_h=yes
ac_cv_header_string_h=yes
ac_cv_header_strings_h=yes
ac_cv_header_sys_stat_h=yes
ac_cv_header_sys_types_h=yes
ac_cv_header_tcutil_h=yes
ac_cv_header_unistd_h=yes
ac_cv_lib_bz2_main=yes
ac_cv_lib_c_main=yes
ac_cv_lib_m_main=yes
ac_cv_lib_pthread_main=yes
ac_cv_lib_tokyocabinet_main=yes
ac_cv_lib_z_main=yes
ac_cv_objext=o
ac_cv_path_EGREP='/usr/bin/grep -E'
ac_cv_path_GREP=/usr/bin/grep
ac_cv_prog_CPP='gcc -E'
ac_cv_prog_ac_ct_CC=gcc
ac_cv_prog_cc_c89=
ac_cv_prog_cc_g=yes

## ----------------- ##
## Output variables. ##
## ----------------- ##

CC='gcc'
CFLAGS='-m32 -I/Users/lance/code/tokyocabinet/build/native/include -L/Users/lance/code/tokyocabinet/build/native/lib'
CPP='gcc -E'
CPPFLAGS=''
DEFS='-DPACKAGE_NAME=\"tokyocabinet-java\" -DPACKAGE_TARNAME=\"tokyocabinet-java\" -DPACKAGE_VERSION=\"1.23\" -DPACKAGE_STRING=\"tokyocabinet-java\ 1.23\" -DPACKAGE_BUGREPORT=\"\" -DHAVE_LIBC=1 -DHAVE_LIBM=1 -DHAVE_LIBPTHREAD=1 -DHAVE_LIBZ=1 -DHAVE_LIBBZ2=1 -DHAVE_LIBTOKYOCABINET=1 -DHAVE_SYS_TYPES_H=1 -DHAVE_SYS_STAT_H=1 -DHAVE_STDLIB_H=1 -DHAVE_STRING_H=1 -DHAVE_MEMORY_H=1 -DHAVE_STRINGS_H=1 -DHAVE_INTTYPES_H=1 -DHAVE_STDINT_H=1 -DHAVE_UNISTD_H=1'
ECHO_C='ECHO_N=''
ECHO_T=''
EGREP='/usr/bin/grep -E'
EXEEXT=''
GREP='/usr/bin/grep'
JAR='/System/Library/Frameworks/JavaVM.framework/Versions/1.6.0/Home/bin/jar'
JAVAC='/System/Library/Frameworks/JavaVM.framework/Versions/1.6.0/Home/bin/javac'
JAVACFLAGS='-source 1.4 -d .'
JAVADOC='/System/Library/Frameworks/JavaVM.framework/Versions/1.6.0/Home/bin/javadoc'
JAVAH='/System/Library/Frameworks/JavaVM.framework/Versions/1.6.0/Home/bin/javah'
JAVARUN='/System/Library/Frameworks/JavaVM.framework/Versions/1.6.0/Home/bin/java'
LDFLAGS=''
LIBOBJS=''
LIBS='-ltokyocabinet -lbz2 -lz -lpthread -lm -lc '
LTLIBOBJS=''
MYCFLAGS='-std=c99 -Wall -fPIC -fsigned-char -O2'
MYCPPFLAGS='-I. -I$(INCLUDEDIR) -L/Users/lance/include -L/usr/local/include -DNDEBUG -D_GNU_SOURCE=1 -I/System/Library/Frameworks/JavaVM.framework/Versions/1.6.0/Home/include -I/System/Library/Frameworks/JavaVM.framework/Versions/1.6.0/Home/include/mac'
MYJARFILES='tokyocabinet.jar'
MYJAVAFILES='DBM.java HDB.java BDB.java BDBCUR.java BDBCMP.java FDB.java TDB.java TDBQRY.java TDBQRYPROC.java ADB.java HDBTest.java BDBTest.java FDBTest.java TDBTest.java ADBTest.java Util.java Loader.java'
MYJAVAHOME='/System/Library/Frameworks/JavaVM.framework/Versions/1.6.0/Home'
MYLDFLAGS='-L. -L$(LIBDIR) -L/Users/lance/lib -L/usr/local/lib'
MYLDLIBPATHENV='DYLD_LIBRARY_PATH'
MYLIBOBJFILES='hdb.o bdb.o bdbcur.o fdb.o tdb.o tdbqry.o adb.o util.o myconf.o'
MYLIBRARYFILES=' libjtokyocabinet.1.1.0.dylib libjtokyocabinet.1.dylib libjtokyocabinet.dylib libjtokyocabinet.jnilib'
MYLIBREV='1'
MYLIBVER='1'
MYRUNPATH='$(LIBDIR)'
OBJEXT='o'
PACKAGE_BUGREPORT=''
PACKAGE_NAME='tokyocabinet-java'
PACKAGE_STRING='tokyocabinet-java 1.23'
PACKAGE_TARNAME='tokyocabinet-java'
PACKAGE_VERSION='1.23'
PATH_SEPARATOR=':'
SHELL='/bin/sh'
ac_ct_CC='gcc'
bindir='${exec_prefix}/bin'
build_alias=''
datadir='${datarootdir}'
datarootdir='${prefix}/share'
docdir='${datarootdir}/doc/${PACKAGE_TARNAME}'
dvidir='${docdir}'
exec_prefix='${prefix}'
host_alias=''
htmldir='${docdir}'
includedir='${prefix}/include'
infodir='${datarootdir}/info'
libdir='${exec_prefix}/lib'
libexecdir='${exec_prefix}/libexec'
localedir='${datarootdir}/locale'
localstatedir='${prefix}/var'
mandir='${datarootdir}/man'
oldincludedir='/usr/include'
pdfdir='${docdir}'
prefix='/Users/lance/code/tokyocabinet/build/native'
program_transform_name='s,x,x,'
psdir='${docdir}'
sbindir='${exec_prefix}/sbin'
sharedstatedir='${prefix}/com'
sysconfdir='${prefix}/etc'
target_alias=''

## ----------- ##
## confdefs.h. ##
## ----------- ##

#define PACKAGE_NAME "tokyocabinet-java"
#define PACKAGE_TARNAME "tokyocabinet-java"
#define PACKAGE_VERSION "1.23"
#define PACKAGE_STRING "tokyocabinet-java 1.23"
#define PACKAGE_BUGREPORT ""
#define HAVE_LIBC 1
#define HAVE_LIBM 1
#define HAVE_LIBPTHREAD 1
#define HAVE_LIBZ 1
#define HAVE_LIBBZ2 1
#define HAVE_LIBTOKYOCABINET 1
#define HAVE_SYS_TYPES_H 1
#define HAVE_SYS_STAT_H 1
#define HAVE_STDLIB_H 1
#define HAVE_STRING_H 1
#define HAVE_MEMORY_H 1
#define HAVE_STRINGS_H 1
#define HAVE_INTTYPES_H 1
#define HAVE_STDINT_H 1
#define HAVE_UNISTD_H 1

configure: exit 0
