This file contains any messages produced by compilers while
running configure, to aid debugging if configure makes a mistake.

It was created by tokyocabinet configure 1.4.45, which was
generated by GNU Autoconf 2.63.  Invocation command line was

  $ ./configure --prefix=/Users/lance/code/tokyocabinet/build/native

## --------- ##
## Platform. ##
## --------- ##

hostname = lance.geni.com
uname -m = i386
uname -r = 10.4.0
uname -s = Darwin
uname -v = Darwin Kernel Version 10.4.0: Fri Apr 23 18:28:53 PDT 2010; root:xnu-1504.7.4~1/RELEASE_I386

/usr/bin/uname -p = i386
/bin/uname -X     = unknown

/bin/arch              = unknown
/usr/bin/arch -k       = unknown
/usr/convex/getsysinfo = unknown
/usr/bin/hostinfo      = Mach kernel version:
	 Darwin Kernel Version 10.4.0: Fri Apr 23 18:28:53 PDT 2010; root:xnu-1504.7.4~1/RELEASE_I386
Kernel configured for up to 2 processors.
2 processors are physically available.
2 processors are logically available.
Processor type: i486 (Intel 80486)
Processors active: 0 1
Primary memory available: 4.00 gigabytes
Default processor set: 99 tasks, 467 threads, 2 processors
Load average: 0.81, Mach factor: 1.26
/bin/machine           = unknown
/usr/bin/oslevel       = unknown
/bin/universe          = unknown

PATH: /usr/local/bin
PATH: /opt/local/lib/postgresql83/bin
PATH: /opt/local/bin
PATH: /opt/local/sbin
PATH: /usr/bin
PATH: /bin
PATH: /usr/sbin
PATH: /sbin
PATH: /usr/local/bin
PATH: /usr/X11/bin
PATH: /bin


## ----------- ##
## Core tests. ##
## ----------- ##

configure:2165: checking for gcc
configure:2181: found /usr/bin/gcc
configure:2192: result: gcc
configure:2424: checking for C compiler version
configure:2432: gcc --version >&5
i686-apple-darwin10-gcc-4.2.1 (GCC) 4.2.1 (Apple Inc. build 5664)
Copyright (C) 2007 Free Software Foundation, Inc.
This is free software; see the source for copying conditions.  There is NO
warranty; not even for MERCHANTABILITY or FITNESS FOR A PARTICULAR PURPOSE.

configure:2436: $? = 0
configure:2443: gcc -v >&5
Using built-in specs.
Target: i686-apple-darwin10
Configured with: /var/tmp/gcc/gcc-5664~105/src/configure --disable-checking --enable-werror --prefix=/usr --mandir=/share/man --enable-languages=c,objc,c++,obj-c++ --program-transform-name=/^[cg][^.-]*$/s/$/-4.2/ --with-slibdir=/usr/lib --build=i686-apple-darwin10 --program-prefix=i686-apple-darwin10- --host=x86_64-apple-darwin10 --target=i686-apple-darwin10 --with-gxx-include-dir=/include/c++/4.2.1
Thread model: posix
gcc version 4.2.1 (Apple Inc. build 5664)
configure:2447: $? = 0
configure:2454: gcc -V >&5
gcc-4.2: argument to `-V' is missing
configure:2458: $? = 1
configure:2481: checking for C compiler default output file name
configure:2503: gcc -m32  -m32 conftest.c  >&5
configure:2507: $? = 0
configure:2545: result: a.out
configure:2564: checking whether the C compiler works
configure:2574: ./a.out
configure:2578: $? = 0
configure:2597: result: yes
configure:2604: checking whether we are cross compiling
configure:2606: result: no
configure:2609: checking for suffix of executables
configure:2616: gcc -o conftest -m32  -m32 conftest.c  >&5
configure:2620: $? = 0
configure:2646: result: 
configure:2652: checking for suffix of object files
configure:2678: gcc -c -m32  conftest.c >&5
configure:2682: $? = 0
configure:2707: result: o
configure:2711: checking whether we are using the GNU C compiler
configure:2740: gcc -c -m32  conftest.c >&5
configure:2747: $? = 0
configure:2764: result: yes
configure:2773: checking whether gcc accepts -g
configure:2803: gcc -c -g  conftest.c >&5
configure:2810: $? = 0
configure:2911: result: yes
configure:2928: checking for gcc option to accept ISO C89
configure:3002: gcc  -c -m32  conftest.c >&5
configure:3009: $? = 0
configure:3032: result: none needed
configure:3069: checking how to run the C preprocessor
configure:3109: gcc -E  conftest.c
configure:3116: $? = 0
configure:3147: gcc -E  conftest.c
conftest.c:8:28: error: ac_nonexistent.h: No such file or directory
configure:3154: $? = 1
configure: failed program was:
| /* confdefs.h.  */
| #define PACKAGE_NAME "tokyocabinet"
| #define PACKAGE_TARNAME "tokyocabinet"
| #define PACKAGE_VERSION "1.4.45"
| #define PACKAGE_STRING "tokyocabinet 1.4.45"
| #define PACKAGE_BUGREPORT ""
| /* end confdefs.h.  */
| #include <ac_nonexistent.h>
configure:3187: result: gcc -E
configure:3216: gcc -E  conftest.c
configure:3223: $? = 0
configure:3254: gcc -E  conftest.c
conftest.c:8:28: error: ac_nonexistent.h: No such file or directory
configure:3261: $? = 1
configure: failed program was:
| /* confdefs.h.  */
| #define PACKAGE_NAME "tokyocabinet"
| #define PACKAGE_TARNAME "tokyocabinet"
| #define PACKAGE_VERSION "1.4.45"
| #define PACKAGE_STRING "tokyocabinet 1.4.45"
| #define PACKAGE_BUGREPORT ""
| /* end confdefs.h.  */
| #include <ac_nonexistent.h>
configure:3301: checking for grep that handles long lines and -e
configure:3361: result: /usr/bin/grep
configure:3366: checking for egrep
configure:3430: result: /usr/bin/grep -E
configure:3435: checking for ANSI C header files
configure:3465: gcc -c -m32  conftest.c >&5
configure:3472: $? = 0
configure:3571: gcc -o conftest -m32  -m32 conftest.c  >&5
configure:3575: $? = 0
configure:3581: ./conftest
configure:3585: $? = 0
configure:3603: result: yes
configure:3627: checking for sys/types.h
configure:3648: gcc -c -m32  conftest.c >&5
configure:3655: $? = 0
configure:3672: result: yes
configure:3627: checking for sys/stat.h
configure:3648: gcc -c -m32  conftest.c >&5
configure:3655: $? = 0
configure:3672: result: yes
configure:3627: checking for stdlib.h
configure:3648: gcc -c -m32  conftest.c >&5
configure:3655: $? = 0
configure:3672: result: yes
configure:3627: checking for string.h
configure:3648: gcc -c -m32  conftest.c >&5
configure:3655: $? = 0
configure:3672: result: yes
configure:3627: checking for memory.h
configure:3648: gcc -c -m32  conftest.c >&5
configure:3655: $? = 0
configure:3672: result: yes
configure:3627: checking for strings.h
configure:3648: gcc -c -m32  conftest.c >&5
configure:3655: $? = 0
configure:3672: result: yes
configure:3627: checking for inttypes.h
configure:3648: gcc -c -m32  conftest.c >&5
configure:3655: $? = 0
configure:3672: result: yes
configure:3627: checking for stdint.h
configure:3648: gcc -c -m32  conftest.c >&5
configure:3655: $? = 0
configure:3672: result: yes
configure:3627: checking for unistd.h
configure:3648: gcc -c -m32  conftest.c >&5
configure:3655: $? = 0
configure:3672: result: yes
configure:3687: checking whether byte ordering is bigendian
configure:3712: gcc -c -m32  conftest.c >&5
configure:3719: $? = 0
configure:3769: gcc -c -m32  conftest.c >&5
configure:3776: $? = 0
configure:3808: gcc -c -m32  conftest.c >&5
conftest.c: In function 'main':
conftest.c:25: error: 'not' undeclared (first use in this function)
conftest.c:25: error: (Each undeclared identifier is reported only once
conftest.c:25: error: for each function it appears in.)
conftest.c:25: error: expected ';' before 'big'
configure:3815: $? = 1
configure: failed program was:
| /* confdefs.h.  */
| #define PACKAGE_NAME "tokyocabinet"
| #define PACKAGE_TARNAME "tokyocabinet"
| #define PACKAGE_VERSION "1.4.45"
| #define PACKAGE_STRING "tokyocabinet 1.4.45"
| #define PACKAGE_BUGREPORT ""
| #define STDC_HEADERS 1
| #define HAVE_SYS_TYPES_H 1
| #define HAVE_SYS_STAT_H 1
| #define HAVE_STDLIB_H 1
| #define HAVE_STRING_H 1
| #define HAVE_MEMORY_H 1
| #define HAVE_STRINGS_H 1
| #define HAVE_INTTYPES_H 1
| #define HAVE_STDINT_H 1
| #define HAVE_UNISTD_H 1
| /* end confdefs.h.  */
| #include <sys/types.h>
| 		#include <sys/param.h>
| 
| int
| main ()
| {
| #if BYTE_ORDER != BIG_ENDIAN
| 		 not big endian
| 		#endif
| 
|   ;
|   return 0;
| }
configure:4067: result: no
configure:4092: checking for main in -lc
configure:4121: gcc -o conftest -m32  -m32 conftest.c -lc   >&5
configure:4128: $? = 0
configure:4149: result: yes
configure:4161: checking for main in -lm
configure:4190: gcc -o conftest -m32  -m32 conftest.c -lm  -lc  >&5
configure:4197: $? = 0
configure:4218: result: yes
configure:4232: checking for main in -lpthread
configure:4261: gcc -o conftest -m32  -m32 conftest.c -lpthread  -lm -lc  >&5
configure:4268: $? = 0
configure:4289: result: yes
configure:4301: checking for main in -lrt
configure:4330: gcc -o conftest -m32  -m32 conftest.c -lrt  -lpthread -lm -lc  >&5
ld: library not found for -lrt
collect2: ld returned 1 exit status
configure:4337: $? = 1
configure: failed program was:
| /* confdefs.h.  */
| #define PACKAGE_NAME "tokyocabinet"
| #define PACKAGE_TARNAME "tokyocabinet"
| #define PACKAGE_VERSION "1.4.45"
| #define PACKAGE_STRING "tokyocabinet 1.4.45"
| #define PACKAGE_BUGREPORT ""
| #define STDC_HEADERS 1
| #define HAVE_SYS_TYPES_H 1
| #define HAVE_SYS_STAT_H 1
| #define HAVE_STDLIB_H 1
| #define HAVE_STRING_H 1
| #define HAVE_MEMORY_H 1
| #define HAVE_STRINGS_H 1
| #define HAVE_INTTYPES_H 1
| #define HAVE_STDINT_H 1
| #define HAVE_UNISTD_H 1
| #define HAVE_LIBC 1
| #define HAVE_LIBM 1
| #define HAVE_LIBPTHREAD 1
| /* end confdefs.h.  */
| 
| 
| int
| main ()
| {
| return main ();
|   ;
|   return 0;
| }
configure:4358: result: no
configure:4373: checking for main in -lz
configure:4402: gcc -o conftest -m32  -m32 conftest.c -lz  -lpthread -lm -lc  >&5
configure:4409: $? = 0
configure:4430: result: yes
configure:4445: checking for main in -lbz2
configure:4474: gcc -o conftest -m32  -m32 conftest.c -lbz2  -lz -lpthread -lm -lc  >&5
configure:4481: $? = 0
configure:4502: result: yes
configure:4658: checking for main in -ltokyocabinet
configure:4687: gcc -o conftest -m32  -m32 conftest.c -ltokyocabinet  -lbz2 -lz -lpthread -lm -lc  >&5
ld: library not found for -ltokyocabinet
collect2: ld returned 1 exit status
configure:4694: $? = 1
configure: failed program was:
| /* confdefs.h.  */
| #define PACKAGE_NAME "tokyocabinet"
| #define PACKAGE_TARNAME "tokyocabinet"
| #define PACKAGE_VERSION "1.4.45"
| #define PACKAGE_STRING "tokyocabinet 1.4.45"
| #define PACKAGE_BUGREPORT ""
| #define STDC_HEADERS 1
| #define HAVE_SYS_TYPES_H 1
| #define HAVE_SYS_STAT_H 1
| #define HAVE_STDLIB_H 1
| #define HAVE_STRING_H 1
| #define HAVE_MEMORY_H 1
| #define HAVE_STRINGS_H 1
| #define HAVE_INTTYPES_H 1
| #define HAVE_STDINT_H 1
| #define HAVE_UNISTD_H 1
| #define HAVE_LIBC 1
| #define HAVE_LIBM 1
| #define HAVE_LIBPTHREAD 1
| #define HAVE_LIBZ 1
| #define HAVE_LIBBZ2 1
| /* end confdefs.h.  */
| 
| 
| int
| main ()
| {
| return main ();
|   ;
|   return 0;
| }
configure:4715: result: no
configure:4725: checking for stdlib.h
configure:4730: result: yes
configure:4861: checking for stdint.h
configure:4866: result: yes
configure:4997: checking for unistd.h
configure:5002: result: yes
configure:5142: checking dirent.h usability
configure:5159: gcc -c -m32  conftest.c >&5
configure:5166: $? = 0
configure:5180: result: yes
configure:5184: checking dirent.h presence
configure:5199: gcc -E  conftest.c
configure:5206: $? = 0
configure:5220: result: yes
configure:5248: checking for dirent.h
configure:5255: result: yes
configure:5278: checking regex.h usability
configure:5295: gcc -c -m32  conftest.c >&5
configure:5302: $? = 0
configure:5316: result: yes
configure:5320: checking regex.h presence
configure:5335: gcc -E  conftest.c
configure:5342: $? = 0
configure:5356: result: yes
configure:5384: checking for regex.h
configure:5391: result: yes
configure:5414: checking glob.h usability
configure:5431: gcc -c -m32  conftest.c >&5
configure:5438: $? = 0
configure:5452: result: yes
configure:5456: checking glob.h presence
configure:5471: gcc -E  conftest.c
configure:5478: $? = 0
configure:5492: result: yes
configure:5520: checking for glob.h
configure:5527: result: yes
configure:5552: checking pthread.h usability
configure:5569: gcc -c -m32  conftest.c >&5
configure:5576: $? = 0
configure:5590: result: yes
configure:5594: checking pthread.h presence
configure:5609: gcc -E  conftest.c
configure:5616: $? = 0
configure:5630: result: yes
configure:5658: checking for pthread.h
configure:5665: result: yes
configure:5691: checking zlib.h usability
configure:5708: gcc -c -m32  conftest.c >&5
configure:5715: $? = 0
configure:5729: result: yes
configure:5733: checking zlib.h presence
configure:5748: gcc -E  conftest.c
configure:5755: $? = 0
configure:5769: result: yes
configure:5797: checking for zlib.h
configure:5804: result: yes
configure:5830: checking bzlib.h usability
configure:5847: gcc -c -m32  conftest.c >&5
configure:5854: $? = 0
configure:5868: result: yes
configure:5872: checking bzlib.h presence
configure:5887: gcc -E  conftest.c
configure:5894: $? = 0
configure:5908: result: yes
configure:5936: checking for bzlib.h
configure:5943: result: yes
configure:6421: creating ./config.status

## ---------------------- ##
## Running config.status. ##
## ---------------------- ##

This file was extended by tokyocabinet config.status 1.4.45, which was
generated by GNU Autoconf 2.63.  Invocation command line was

  CONFIG_FILES    = 
  CONFIG_HEADERS  = 
  CONFIG_LINKS    = 
  CONFIG_COMMANDS = 
  $ ./config.status 

on lance.geni.com

config.status:667: creating Makefile
config.status:667: creating tokyocabinet.pc

## ---------------- ##
## Cache variables. ##
## ---------------- ##

ac_cv_c_bigendian=no
ac_cv_c_compiler_gnu=yes
ac_cv_env_CC_set=
ac_cv_env_CC_value=
ac_cv_env_CFLAGS_set=set
ac_cv_env_CFLAGS_value=-m32
ac_cv_env_CPPFLAGS_set=
ac_cv_env_CPPFLAGS_value=
ac_cv_env_CPP_set=
ac_cv_env_CPP_value=
ac_cv_env_LDFLAGS_set=set
ac_cv_env_LDFLAGS_value=-m32
ac_cv_env_LIBS_set=
ac_cv_env_LIBS_value=
ac_cv_env_build_alias_set=
ac_cv_env_build_alias_value=
ac_cv_env_host_alias_set=
ac_cv_env_host_alias_value=
ac_cv_env_target_alias_set=
ac_cv_env_target_alias_value=
ac_cv_header_bzlib_h=yes
ac_cv_header_dirent_h=yes
ac_cv_header_glob_h=yes
ac_cv_header_inttypes_h=yes
ac_cv_header_memory_h=yes
ac_cv_header_pthread_h=yes
ac_cv_header_regex_h=yes
ac_cv_header_stdc=yes
ac_cv_header_stdint_h=yes
ac_cv_header_stdlib_h=yes
ac_cv_header_string_h=yes
ac_cv_header_strings_h=yes
ac_cv_header_sys_stat_h=yes
ac_cv_header_sys_types_h=yes
ac_cv_header_unistd_h=yes
ac_cv_header_zlib_h=yes
ac_cv_lib_bz2_main=yes
ac_cv_lib_c_main=yes
ac_cv_lib_m_main=yes
ac_cv_lib_pthread_main=yes
ac_cv_lib_rt_main=no
ac_cv_lib_tokyocabinet_main=no
ac_cv_lib_z_main=yes
ac_cv_objext=o
ac_cv_path_EGREP='/usr/bin/grep -E'
ac_cv_path_GREP=/usr/bin/grep
ac_cv_prog_CPP='gcc -E'
ac_cv_prog_ac_ct_CC=gcc
ac_cv_prog_cc_c89=
ac_cv_prog_cc_g=yes

## ----------------- ##
## Output variables. ##
## ----------------- ##

CC='gcc'
CFLAGS='-m32'
CPP='gcc -E'
CPPFLAGS=''
DEFS='-DPACKAGE_NAME=\"tokyocabinet\" -DPACKAGE_TARNAME=\"tokyocabinet\" -DPACKAGE_VERSION=\"1.4.45\" -DPACKAGE_STRING=\"tokyocabinet\ 1.4.45\" -DPACKAGE_BUGREPORT=\"\" -DSTDC_HEADERS=1 -DHAVE_SYS_TYPES_H=1 -DHAVE_SYS_STAT_H=1 -DHAVE_STDLIB_H=1 -DHAVE_STRING_H=1 -DHAVE_MEMORY_H=1 -DHAVE_STRINGS_H=1 -DHAVE_INTTYPES_H=1 -DHAVE_STDINT_H=1 -DHAVE_UNISTD_H=1 -DHAVE_LIBC=1 -DHAVE_LIBM=1 -DHAVE_LIBPTHREAD=1 -DHAVE_LIBZ=1 -DHAVE_LIBBZ2=1'
ECHO_C='\c'
ECHO_N=''
ECHO_T=''
EGREP='/usr/bin/grep -E'
EXEEXT=''
GREP='/usr/bin/grep'
LDFLAGS='-m32'
LIBOBJS=''
LIBS='-lbz2 -lz -lpthread -lm -lc '
LTLIBOBJS=''
MYCFLAGS='-m32 -std=c99 -Wall -fPIC -fsigned-char -O2'
MYCGIFILES='tcawmgr.cgi'
MYCMDLDFLAGS=''
MYCOMMANDFILES='tcutest tcumttest tcucodec tchtest tchmttest tchmgr tcbtest tcbmttest tcbmgr tcftest tcfmttest tcfmgr tcttest tctmttest tctmgr tcatest tcamttest tcamgr'
MYCPPFLAGS='-I. -I$(INCLUDEDIR) -I/Users/lance/include -I/usr/local/include -DNDEBUG -D_GNU_SOURCE=1 -D_REENTRANT -D__EXTENSIONS__'
MYDOCUMENTFILES='COPYING ChangeLog THANKS doc tokyocabinet.idl'
MYFORMATVER='1.0'
MYHEADERFILES='tcutil.h tchdb.h tcbdb.h tcfdb.h tctdb.h tcadb.h'
MYLDFLAGS='-m32 -L. -L$(LIBDIR) -L/Users/lance/lib -L/usr/local/lib'
MYLDLIBPATHENV='DYLD_LIBRARY_PATH'
MYLIBOBJFILES='tcutil.o tchdb.o tcbdb.o tcfdb.o tctdb.o tcadb.o myconf.o md5.o'
MYLIBRARYFILES='libtokyocabinet.a libtokyocabinet.9.8.0.dylib libtokyocabinet.9.dylib libtokyocabinet.dylib'
MYLIBREV='8'
MYLIBVER='9'
MYMAN1FILES='tcutest.1 tcumttest.1 tcucodec.1 tchtest.1 tchmttest.1 tchmgr.1 tcbtest.1 tcbmttest.1 tcbmgr.1 tcftest.1 tcfmttest.1 tcfmgr.1 tcttest.1 tctmttest.1 tctmgr.1 tcatest.1 tcamttest.1 tcamgr.1'
MYMAN3FILES='tokyocabinet.3 tcutil.3 tcxstr.3 tclist.3 tcmap.3 tctree.3 tcmdb.3 tcmpool.3 tchdb.3 tcbdb.3 tcfdb.3 tctdb.3 tcadb.3'
MYPCFILES='tokyocabinet.pc'
MYPOSTCMD='true'
MYRUNPATH='$(LIBDIR)'
OBJEXT='o'
PACKAGE_BUGREPORT=''
PACKAGE_NAME='tokyocabinet'
PACKAGE_STRING='tokyocabinet 1.4.45'
PACKAGE_TARNAME='tokyocabinet'
PACKAGE_VERSION='1.4.45'
PATH_SEPARATOR=':'
SHELL='/bin/sh'
ac_ct_CC='gcc'
bindir='${exec_prefix}/bin'
build_alias=''
datadir='${datarootdir}'
datarootdir='${prefix}/share'
docdir='${datarootdir}/doc/${PACKAGE_TARNAME}'
dvidir='${docdir}'
exec_prefix='${prefix}'
host_alias=''
htmldir='${docdir}'
includedir='${prefix}/include'
infodir='${datarootdir}/info'
libdir='${exec_prefix}/lib'
libexecdir='${exec_prefix}/libexec'
localedir='${datarootdir}/locale'
localstatedir='${prefix}/var'
mandir='${datarootdir}/man'
oldincludedir='/usr/include'
pdfdir='${docdir}'
prefix='/Users/lance/code/tokyocabinet/build/native'
program_transform_name='s,x,x,'
psdir='${docdir}'
sbindir='${exec_prefix}/sbin'
sharedstatedir='${prefix}/com'
sysconfdir='${prefix}/etc'
target_alias=''

## ----------- ##
## confdefs.h. ##
## ----------- ##

#define PACKAGE_NAME "tokyocabinet"
#define PACKAGE_TARNAME "tokyocabinet"
#define PACKAGE_VERSION "1.4.45"
#define PACKAGE_STRING "tokyocabinet 1.4.45"
#define PACKAGE_BUGREPORT ""
#define STDC_HEADERS 1
#define HAVE_SYS_TYPES_H 1
#define HAVE_SYS_STAT_H 1
#define HAVE_STDLIB_H 1
#define HAVE_STRING_H 1
#define HAVE_MEMORY_H 1
#define HAVE_STRINGS_H 1
#define HAVE_INTTYPES_H 1
#define HAVE_STDINT_H 1
#define HAVE_UNISTD_H 1
#define HAVE_LIBC 1
#define HAVE_LIBM 1
#define HAVE_LIBPTHREAD 1
#define HAVE_LIBZ 1
#define HAVE_LIBBZ2 1

configure: exit 0
